<?xml version="1.0" encoding="UTF-8"?>
<!-- Generated by org.testng.reporters.JUnitReportReporter -->
<testsuite hostname="LAPTOP-2CLB23D4" failures="0" tests="2" name="computerDatabase.tc004_ComputerDatabase" time="11.867" errors="0" timestamp="2023-01-13T12:43:35 IST" skipped="0">
  <testcase classname="computerDatabase.tc004_ComputerDatabase" name="verifyAddaNewComputer" time="9.909"/>
  <system-out/>
  <testcase classname="computerDatabase.tc004_ComputerDatabase" name="navigatetoComputerDatabse" time="1.958"/>
  <system-out/>
</testsuite> <!-- computerDatabase.tc004_ComputerDatabase -->
