<?xml version="1.0" encoding="UTF-8"?>
<!-- Generated by org.testng.reporters.JUnitReportReporter -->
<testsuite hostname="IBM-PF32Q1ND" failures="0" tests="2" name="computerDatabase.TC_04_ComputerDatabase" time="12.381" errors="0" timestamp="2023-01-24T12:59:53 IST" skipped="0">
  <testcase classname="computerDatabase.TC_04_ComputerDatabase" name="verifyAddaNewComputer" time="10.342"/>
  <system-out/>
  <testcase classname="computerDatabase.TC_04_ComputerDatabase" name="navigatetoComputerDatabse" time="2.039"/>
  <system-out/>
</testsuite> <!-- computerDatabase.TC_04_ComputerDatabase -->
